system          > 
system          > ConTeXt  ver: 2024.03.11 09:34 LMTX  fmt: 2024.3.14  int: english/english
system          > 
system          > 'cont-new.mkxl' loaded
open source     > level 1, order 1, name '/home/andi/Apps/lmtx/tex/texmf-context/tex/context/base/mkxl/cont-new.mkxl'
system          > beware: some patches loaded from cont-new.mkiv
close source    > level 1, order 1, name '/home/andi/Apps/lmtx/tex/texmf-context/tex/context/base/mkxl/cont-new.mkxl'
system          > files > jobname './indra', input './indra.mkxl', result './indra'
fonts           > latin modern fonts are not preloaded
languages       > language 'en' is active
open source     > level 1, order 2, name './indra.mkxl'
open source     > level 2, order 3, name 'env-indra.mkxl'
modules         > 'fullpage' is loaded
open source     > level 3, order 4, name '/home/andi/Apps/lmtx/tex/texmf-modules/tex/context/third/fullpage/t-fullpage.mkiv'
loading         > ConTeXt User Module / Fullpage
close source    > level 3, order 4, name '/home/andi/Apps/lmtx/tex/texmf-modules/tex/context/third/fullpage/t-fullpage.mkiv'
close source    > level 2, order 4, name 'env-indra.mkxl'
fonts           > preloading latin modern fonts (second stage)
fonts           > 'fallback modern rm 12pt' is loaded
metapost        > initializing instance 'metafun:1' using format 'metafun' and method 'double'
metapost        > loading 'metafun' as '/home/andi/Apps/lmtx/tex/texmf-context/metapost/context/base/mpxl/metafun.mpxl' using method 'double'
metapost        > initializing number mode 'double'
metapost        > trace > This is MPLIB for LuaMetaTeX, version 3.15, running in double mode.
metapost        > trace > 
metapost        > trace > loading metafun for lmtx, including the plain 1.004 base definitions
metapost        > trace > 
pages           > flushing realpage 1, userpage 1, subpage 1
pages           > flushing realpage 2, userpage 2, subpage 2
pages           > flushing realpage 3, userpage 3, subpage 3
pages           > flushing realpage 4, userpage 4, subpage 4
pages           > flushing realpage 5, userpage 5, subpage 5
pages           > flushing realpage 6, userpage 6, subpage 6
pages           > flushing realpage 7, userpage 7, subpage 7
pages           > flushing realpage 8, userpage 8, subpage 8
pages           > flushing realpage 9, userpage 9, subpage 9
pages           > flushing realpage 10, userpage 10, subpage 10
pages           > flushing realpage 11, userpage 11, subpage 11
pages           > flushing realpage 12, userpage 12, subpage 12
pages           > flushing realpage 13, userpage 13, subpage 13
pages           > flushing realpage 14, userpage 14, subpage 14
pages           > flushing realpage 15, userpage 15, subpage 15
pages           > flushing realpage 16, userpage 16, subpage 16
pages           > flushing realpage 17, userpage 17, subpage 17
pages           > flushing realpage 18, userpage 18, subpage 18
pages           > flushing realpage 19, userpage 19, subpage 19
pages           > flushing realpage 20, userpage 20, subpage 20
pages           > flushing realpage 21, userpage 21, subpage 21
pages           > flushing realpage 22, userpage 22, subpage 22
pages           > flushing realpage 23, userpage 23, subpage 23
pages           > flushing realpage 24, userpage 24, subpage 24
pages           > flushing realpage 25, userpage 25, subpage 25
pages           > flushing realpage 26, userpage 26, subpage 26
pages           > flushing realpage 27, userpage 27, subpage 27
pages           > flushing realpage 28, userpage 28, subpage 28
pages           > flushing realpage 29, userpage 29, subpage 29
pages           > flushing realpage 30, userpage 30, subpage 30
pages           > flushing realpage 31, userpage 31, subpage 31
pages           > flushing realpage 32, userpage 32, subpage 32
pages           > flushing realpage 33, userpage 33, subpage 33
pages           > flushing realpage 34, userpage 34, subpage 34
pages           > flushing realpage 35, userpage 35, subpage 35
pages           > flushing realpage 36, userpage 36, subpage 36
pages           > flushing realpage 37, userpage 37, subpage 37
pages           > flushing realpage 38, userpage 38, subpage 38
pages           > flushing realpage 39, userpage 39, subpage 39
pages           > flushing realpage 40, userpage 40, subpage 40
pages           > flushing realpage 41, userpage 41, subpage 41
pages           > flushing realpage 42, userpage 42, subpage 42
pages           > flushing realpage 43, userpage 43, subpage 43
pages           > flushing realpage 44, userpage 44, subpage 44
pages           > flushing realpage 45, userpage 45, subpage 45
pages           > flushing realpage 46, userpage 46, subpage 46
close source    > level 1, order 4, name './indra.mkxl'
backend         > xmp > using file '/home/andi/Apps/lmtx/tex/texmf-context/tex/context/base/mkiv/lpdf-pdx.xml'
system          > start used files
system          > text: indra
system          > stop used files
system          > start used files
system          >    1: filename=publ-imp-default.lua filetype=lua foundname=/home/andi/Apps/lmtx/tex/texmf-context/tex/context/base/mkiv/publ-imp-default.lua fullname=/home/andi/Apps/lmtx/tex/texmf-context/tex/context/base/mkiv/publ-imp-default.lua usedmethod=database
system          >    2: filename=cont-new.mkxl filetype=tex foundname=/home/andi/Apps/lmtx/tex/texmf-context/tex/context/base/mkxl/cont-new.mkxl fullname=/home/andi/Apps/lmtx/tex/texmf-context/tex/context/base/mkxl/cont-new.mkxl usedmethod=database
system          >    3: filename=lang-exc.lua filetype=lua foundname=/home/andi/Apps/lmtx/tex/texmf-context/tex/context/base/mkiv/lang-exc.lua fullname=/home/andi/Apps/lmtx/tex/texmf-context/tex/context/base/mkiv/lang-exc.lua usedmethod=database
system          >    4: filename=lang-us.lua filetype=lua foundname=/home/andi/Apps/lmtx/tex/texmf-context/tex/context/patterns/mkiv/lang-us.lua fullname=/home/andi/Apps/lmtx/tex/texmf-context/tex/context/patterns/mkiv/lang-us.lua usedmethod=database
system          >    5: filename=/home/andi/Dev/indra/indra.mkxl format=tex foundname=/home/andi/Dev/indra/indra.mkxl fullname=/home/andi/Dev/indra/indra.mkxl usedmethod=direct
system          >    6: filename=env-indra.mkxl format=tex foundname=env-indra.mkxl fullname=/home/andi/Dev/indra/env-indra.mkxl usedmethod=direct
system          >    7: filename=t-fullpage.mkiv filetype=tex foundname=/home/andi/Apps/lmtx/tex/texmf-modules/tex/context/third/fullpage/t-fullpage.mkiv fullname=/home/andi/Apps/lmtx/tex/texmf-modules/tex/context/third/fullpage/t-fullpage.mkiv usedmethod=database
system          >    8: filename=lm.lfg filetype=tex foundname=/home/andi/Apps/lmtx/tex/texmf-context/tex/context/fonts/mkiv/lm.lfg fullname=/home/andi/Apps/lmtx/tex/texmf-context/tex/context/fonts/mkiv/lm.lfg usedmethod=database
system          >    9: filename=lmroman10-regular filetype=otf format=otf foundname=/home/andi/Apps/lmtx/tex/texmf/fonts/data/gust/lm/lmroman10-regular.otf fullname=/home/andi/Apps/lmtx/tex/texmf/fonts/data/gust/lm/lmroman10-regular.otf usedmethod=database
system          >   10: filename=modern-text.lfg filetype=tex foundname=/home/andi/Apps/lmtx/tex/texmf-context/tex/context/fonts/mkiv/modern-text.lfg fullname=/home/andi/Apps/lmtx/tex/texmf-context/tex/context/fonts/mkiv/modern-text.lfg usedmethod=database
system          >   11: filename=latinmodern-math.otf filetype=otf format=otf foundname=/home/andi/Apps/lmtx/tex/texmf/fonts/data/gust/lm/latinmodern-math.otf fullname=/home/andi/Apps/lmtx/tex/texmf/fonts/data/gust/lm/latinmodern-math.otf usedmethod=database
system          >   12: filename=modern-math.lfg filetype=tex foundname=/home/andi/Apps/lmtx/tex/texmf-context/tex/context/fonts/mkiv/modern-math.lfg fullname=/home/andi/Apps/lmtx/tex/texmf-context/tex/context/fonts/mkiv/modern-math.lfg usedmethod=database
system          >   13: filename=common-math.lfg filetype=tex foundname=/home/andi/Apps/lmtx/tex/texmf-context/tex/context/fonts/mkiv/common-math.lfg fullname=/home/andi/Apps/lmtx/tex/texmf-context/tex/context/fonts/mkiv/common-math.lfg usedmethod=database
system          >   14: filename=LatinModernMath-Companion.otf filetype=otf format=otf foundname=/home/andi/Apps/lmtx/tex/texmf/fonts/data/cms/companion/LatinModernMath-Companion.otf fullname=/home/andi/Apps/lmtx/tex/texmf/fonts/data/cms/companion/LatinModernMath-Companion.otf usedmethod=database
system          >   15: filename=metafun.mpxl filetype=mp foundname=/home/andi/Apps/lmtx/tex/texmf-context/metapost/context/base/mpxl/metafun.mpxl fullname=/home/andi/Apps/lmtx/tex/texmf-context/metapost/context/base/mpxl/metafun.mpxl usedmethod=database
system          >   16: filename=mp-base.mpxl filetype=mp foundname=/home/andi/Apps/lmtx/tex/texmf-context/metapost/context/base/mpxl/mp-base.mpxl fullname=/home/andi/Apps/lmtx/tex/texmf-context/metapost/context/base/mpxl/mp-base.mpxl usedmethod=database
system          >   17: filename=mp-tool.mpxl filetype=mp foundname=/home/andi/Apps/lmtx/tex/texmf-context/metapost/context/base/mpxl/mp-tool.mpxl fullname=/home/andi/Apps/lmtx/tex/texmf-context/metapost/context/base/mpxl/mp-tool.mpxl usedmethod=database
system          >   18: filename=mp-luas.mpxl filetype=mp foundname=/home/andi/Apps/lmtx/tex/texmf-context/metapost/context/base/mpxl/mp-luas.mpxl fullname=/home/andi/Apps/lmtx/tex/texmf-context/metapost/context/base/mpxl/mp-luas.mpxl usedmethod=database
system          >   19: filename=mp-mlib.mpxl filetype=mp foundname=/home/andi/Apps/lmtx/tex/texmf-context/metapost/context/base/mpxl/mp-mlib.mpxl fullname=/home/andi/Apps/lmtx/tex/texmf-context/metapost/context/base/mpxl/mp-mlib.mpxl usedmethod=database
system          >   20: filename=mp-math.mpxl filetype=mp foundname=/home/andi/Apps/lmtx/tex/texmf-context/metapost/context/base/mpxl/mp-math.mpxl fullname=/home/andi/Apps/lmtx/tex/texmf-context/metapost/context/base/mpxl/mp-math.mpxl usedmethod=database
system          >   21: filename=mp-cont.mpxl filetype=mp foundname=/home/andi/Apps/lmtx/tex/texmf-context/metapost/context/base/mpxl/mp-cont.mpxl fullname=/home/andi/Apps/lmtx/tex/texmf-context/metapost/context/base/mpxl/mp-cont.mpxl usedmethod=database
system          >   22: filename=mp-page.mpxl filetype=mp foundname=/home/andi/Apps/lmtx/tex/texmf-context/metapost/context/base/mpxl/mp-page.mpxl fullname=/home/andi/Apps/lmtx/tex/texmf-context/metapost/context/base/mpxl/mp-page.mpxl usedmethod=database
system          >   23: filename=mp-butt.mpxl filetype=mp foundname=/home/andi/Apps/lmtx/tex/texmf-context/metapost/context/base/mpxl/mp-butt.mpxl fullname=/home/andi/Apps/lmtx/tex/texmf-context/metapost/context/base/mpxl/mp-butt.mpxl usedmethod=database
system          >   24: filename=mp-shap.mpxl filetype=mp foundname=/home/andi/Apps/lmtx/tex/texmf-context/metapost/context/base/mpxl/mp-shap.mpxl fullname=/home/andi/Apps/lmtx/tex/texmf-context/metapost/context/base/mpxl/mp-shap.mpxl usedmethod=database
system          >   25: filename=mp-grph.mpxl filetype=mp foundname=/home/andi/Apps/lmtx/tex/texmf-context/metapost/context/base/mpxl/mp-grph.mpxl fullname=/home/andi/Apps/lmtx/tex/texmf-context/metapost/context/base/mpxl/mp-grph.mpxl usedmethod=database
system          >   26: filename=mp-grid.mpxl filetype=mp foundname=/home/andi/Apps/lmtx/tex/texmf-context/metapost/context/base/mpxl/mp-grid.mpxl fullname=/home/andi/Apps/lmtx/tex/texmf-context/metapost/context/base/mpxl/mp-grid.mpxl usedmethod=database
system          >   27: filename=mp-form.mpxl filetype=mp foundname=/home/andi/Apps/lmtx/tex/texmf-context/metapost/context/base/mpxl/mp-form.mpxl fullname=/home/andi/Apps/lmtx/tex/texmf-context/metapost/context/base/mpxl/mp-form.mpxl usedmethod=database
system          >   28: filename=mp-figs.mpxl filetype=mp foundname=/home/andi/Apps/lmtx/tex/texmf-context/metapost/context/base/mpxl/mp-figs.mpxl fullname=/home/andi/Apps/lmtx/tex/texmf-context/metapost/context/base/mpxl/mp-figs.mpxl usedmethod=database
system          >   29: filename=mp-func.mpxl filetype=mp foundname=/home/andi/Apps/lmtx/tex/texmf-context/metapost/context/base/mpxl/mp-func.mpxl fullname=/home/andi/Apps/lmtx/tex/texmf-context/metapost/context/base/mpxl/mp-func.mpxl usedmethod=database
system          >   30: filename=mp-node.mpxl filetype=mp foundname=/home/andi/Apps/lmtx/tex/texmf-context/metapost/context/base/mpxl/mp-node.mpxl fullname=/home/andi/Apps/lmtx/tex/texmf-context/metapost/context/base/mpxl/mp-node.mpxl usedmethod=database
system          >   31: filename=mp-apos.mpxl filetype=mp foundname=/home/andi/Apps/lmtx/tex/texmf-context/metapost/context/base/mpxl/mp-apos.mpxl fullname=/home/andi/Apps/lmtx/tex/texmf-context/metapost/context/base/mpxl/mp-apos.mpxl usedmethod=database
system          >   32: filename=mp-abck.mpxl filetype=mp foundname=/home/andi/Apps/lmtx/tex/texmf-context/metapost/context/base/mpxl/mp-abck.mpxl fullname=/home/andi/Apps/lmtx/tex/texmf-context/metapost/context/base/mpxl/mp-abck.mpxl usedmethod=database
system          >   33: filename=mp-asnc.mpxl filetype=mp foundname=/home/andi/Apps/lmtx/tex/texmf-context/metapost/context/base/mpxl/mp-asnc.mpxl fullname=/home/andi/Apps/lmtx/tex/texmf-context/metapost/context/base/mpxl/mp-asnc.mpxl usedmethod=database
system          >   34: filename=mp-blob.mpxl filetype=mp foundname=/home/andi/Apps/lmtx/tex/texmf-context/metapost/context/base/mpxl/mp-blob.mpxl fullname=/home/andi/Apps/lmtx/tex/texmf-context/metapost/context/base/mpxl/mp-blob.mpxl usedmethod=database
system          >   35: filename=mp-lmtx.mpxl filetype=mp foundname=/home/andi/Apps/lmtx/tex/texmf-context/metapost/context/base/mpxl/mp-lmtx.mpxl fullname=/home/andi/Apps/lmtx/tex/texmf-context/metapost/context/base/mpxl/mp-lmtx.mpxl usedmethod=database
system          >   36: filename=mp-text.mpxl filetype=mp foundname=/home/andi/Apps/lmtx/tex/texmf-context/metapost/context/base/mpxl/mp-text.mpxl fullname=/home/andi/Apps/lmtx/tex/texmf-context/metapost/context/base/mpxl/mp-text.mpxl usedmethod=database
system          >   37: filename=lpdf-pdx.xml filetype=tex foundname=/home/andi/Apps/lmtx/tex/texmf-context/tex/context/base/mkiv/lpdf-pdx.xml fullname=/home/andi/Apps/lmtx/tex/texmf-context/tex/context/base/mkiv/lpdf-pdx.xml usedmethod=database
system          > stop used files
system          > start commandline options
system          >   currentrun="1"
system          >   fulljobname="./indra.mkxl"
system          >   input="./indra.mkxl"
system          >   kindofrun="1"
system          >   maxnofruns="9"
system          >   parallel="true"
system          >   texmfbinpath="/home/andi/Apps/lmtx/tex/texmf-linux-64/bin"
system          > stop commandline options
system          > start commandline files
system          >    1: ./indra.mkxl
system          > stop commandline files
modules         > start used modules
modules         > loaded : *-fullpage
modules         > stop used modules
system          > 
system          > status after finishing run
system          > 
system          >   -----------------------------------------------------------------------------------------------------------------------------------------------------------------------------------
system          >           string       pool       hash     lookup       node      token     buffer      input       file       nest  parameter       save       font   language       mark     insert
system          >   -----------------------------------------------------------------------------------------------------------------------------------------------------------------------------------
system          >   max    2097152  100000000    2097152    2097152  100000000   10000000  100000000     100000       2000      10000     100000     500000     100000      10000      10000        500
system          >   min     150000   10000000     150000     150000    2000000    1000000    1000000      10000        500       1000      20000     100000        250        250         50         10
system          >   set     500000   10000000     250000     250000   50000000   10000000   10000000     100000       2000      10000     100000     500000     100000        250        250        250
system          >   stp     100000    1000000     100000     100000     500000     250000    1000000      10000        250       1000      10000      10000        250        250         50         25
system          > 
system          >   mem     150000     978262     150000               2000000    1000000    1000000      10000        500       1000      20000      10000    7348016         96       1200        320
system          >   all    2400000     978262    2400000              18000000    8000000    1000000     320000      16000      88000      80000     160000    7348016         96      28800      10240
system          > 
system          >   ini    2146300     933149          0      49131          0     544567                                                                                       0                      
system          >   ptr      51080                 10425      51063                604394          0          5          0          0          0          0         19          0          0          8
system          >   top      51081                807100     131074       6064     913432        363         40          9         12         41        258        250        250         50         10
system          >   -----------------------------------------------------------------------------------------------------------------------------------------------------------------------------------
system          > 
system          >   current input type    : initial
system          > 
system          >   approximate memory    : 44271854 (42 MB)
system          > 
system          >   expansion depth       : min: 10000, max: 1000000, set: 10000, top: 6
system          > 
system          >   luabytecode registers : 1017
system          >   luabytecode bytes     : 16288 (0 MB)
system          >   luastate bytes now    : 53973578 (51 MB)
system          >   luastate bytes max    : 117199394 (111 MB)
system          > 
system          >   file callbacks        : 473
system          >   saved callbacks       : 7353
system          >   direct callbacks      : 95
system          >   function callbacks    : 1993
system          >   value callbacks       : 611
system          >   message callbacks     : 0
system          >   bytecode callbacks    : 621
system          > 
system          >   mp instances          : 1
system          >   mp estimated memory   : 4246992 (4 MB)
system          >   mp file callbacks     : 14199
system          >   mp text callbacks     : 0
system          >   mp script callbacks   : 430
system          >   mp log callbacks      : 289
system          > 
system          >   total callbacks       : 11146
system          >   mp total callbacks    : 14918
system          >   backend callbacks     : 0
system          > 
mkiv lua stats  > used config file: selfautoparent:/texmf/web2c/texmfcnf.lua
mkiv lua stats  > used cache path: /home/andi/Apps/lmtx/tex/texmf-cache/luametatex-cache/context/5fe67e0bfe781ce0dde776fb1556f32e
mkiv lua stats  > resource resolver: loadtime 0.007 seconds, 1 scans with scantime 0.002 seconds, 0 shared scans, 37 found files, scanned paths: /home/andi/texmf
mkiv lua stats  > stored bytecode data: 517 modules (0.165 sec), 104 tables (0.006 sec), 621 chunks (0.171 sec)
mkiv lua stats  > traced context: maxstack: 1763, freed: 2, unreachable: 1761
mkiv lua stats  > cleaned up reserved nodes: 74 nodes, 7 lists of 437
mkiv lua stats  > node memory usage: 9 attribute, 2 glue, 132 gluespec, 1 kern, 661 mathspec, 3 penalty, 2 temp
mkiv lua stats  > node list callback tasks: 16 unique task lists, 10 instances (re)created, 2854 calls
mkiv lua stats  > driver time: 0.663 seconds 
mkiv lua stats  > used backend: pdf
mkiv lua stats  > jobdata time: 0.001 seconds saving, 0.003 seconds loading
mkiv lua stats  > callbacks: file: 473, saved: 7353, direct: 95, function: 1993, value: 611, message: 0, bytecode: 621, late 0, total: 11146 (242 per page)
mkiv lua stats  > randomizer: resumed with value 0.87930250047076
mkiv lua stats  > loaded tex modules: 1 requested, all found (*-fullpage)
mkiv lua stats  > loaded patterns: en::1, load time: 0.000
mkiv lua stats  > loaded fonts: 3 files: latinmodernmath-companion.otf, latinmodern-math.otf, lmroman10-regular.otf
mkiv lua stats  > font engine: otf 3.141, afm 1.540, tfm 1.000, 13 instances, 8 shared in backend, 4 common vectors, 4 common hashes, load time 0.147 seconds 
mkiv lua stats  > metapost: 0.160 seconds, loading: 0.025, execution: 0.151, n: 48, average: 0.007, instances: 1, luacalls: 14918 (file: 14199, text: 0, script: 430, log: 289), memory: 4.050 M
mkiv lua stats  > math tweaking time: 0.060 seconds, 12 math goodie tables
mkiv lua stats  > font embedding time: 0.001 seconds, 1 fonts
mkiv lua stats  > result saved in file: indra.pdf, compresslevel 1, objectcompresslevel 3, 51 streams, 0 uncompressed, 49 compressed, 2 not compressed, threshold 40
mkiv lua stats  > positions: 4 collected, 0 deltas, 0 shared partials, 0 partial entries
mkiv lua stats  > used platform: linux-64, type: unix, binary subtree: texmf-linux-64
mkiv lua stats  > used engine: luametatex version: 2.11.02, functionality level: 20240308, format id: 700, compiler: gcc
mkiv lua stats  > tex properties: 807100 hash slots used of 2097152, 51063 control sequences, approximate memory usage: 42 MB
mkiv lua stats  > lua properties: engine: lua 5.5, used memory: 57 MB, ctx: 51 MB, max: 111 MB, symbol mask: utf (τεχ)
mkiv lua stats  > runtime: 61.084 seconds, 46 processed pages, 46 shipped pages, 0.753 pages/second
